<?xml version="1.0" encoding="UTF-8"?>
<testsuite xmlns:xsi="http://www.w3.org/2001/XMLSchema-instance" xsi:noNamespaceSchemaLocation="https://maven.apache.org/surefire/maven-surefire-plugin/xsd/surefire-test-report-3.0.xsd" version="3.0" name="TestSuite" time="15.725" tests="1" errors="0" skipped="0" failures="0">
  <properties>
    <property name="sun.desktop" value="gnome"/>
    <property name="awt.toolkit" value="sun.awt.X11.XToolkit"/>
    <property name="java.specification.version" value="11"/>
    <property name="sun.cpu.isalist" value=""/>
    <property name="sun.jnu.encoding" value="UTF-8"/>
    <property name="java.class.path" value="/media/lokeshjammi-pc/New Volume1/IntelliJ_Workspace/E2E/target/test-classes:/media/lokeshjammi-pc/New Volume1/IntelliJ_Workspace/E2E/target/classes:/home/lokeshjammi-pc/.m2/repository/junit/junit/4.13.2/junit-4.13.2.jar:/home/lokeshjammi-pc/.m2/repository/org/hamcrest/hamcrest-core/1.3/hamcrest-core-1.3.jar:/home/lokeshjammi-pc/.m2/repository/org/seleniumhq/selenium/selenium-java/4.2.0/selenium-java-4.2.0.jar:/home/lokeshjammi-pc/.m2/repository/org/seleniumhq/selenium/selenium-api/4.2.0/selenium-api-4.2.0.jar:/home/lokeshjammi-pc/.m2/repository/org/seleniumhq/selenium/selenium-chrome-driver/4.2.0/selenium-chrome-driver-4.2.0.jar:/home/lokeshjammi-pc/.m2/repository/com/google/auto/service/auto-service-annotations/1.0.1/auto-service-annotations-1.0.1.jar:/home/lokeshjammi-pc/.m2/repository/com/google/auto/service/auto-service/1.0.1/auto-service-1.0.1.jar:/home/lokeshjammi-pc/.m2/repository/com/google/auto/auto-common/1.2/auto-common-1.2.jar:/home/lokeshjammi-pc/.m2/repository/com/google/guava/guava/31.1-jre/guava-31.1-jre.jar:/home/lokeshjammi-pc/.m2/repository/com/google/guava/failureaccess/1.0.1/failureaccess-1.0.1.jar:/home/lokeshjammi-pc/.m2/repository/com/google/guava/listenablefuture/9999.0-empty-to-avoid-conflict-with-guava/listenablefuture-9999.0-empty-to-avoid-conflict-with-guava.jar:/home/lokeshjammi-pc/.m2/repository/org/checkerframework/checker-qual/3.12.0/checker-qual-3.12.0.jar:/home/lokeshjammi-pc/.m2/repository/com/google/errorprone/error_prone_annotations/2.11.0/error_prone_annotations-2.11.0.jar:/home/lokeshjammi-pc/.m2/repository/com/google/j2objc/j2objc-annotations/1.3/j2objc-annotations-1.3.jar:/home/lokeshjammi-pc/.m2/repository/org/seleniumhq/selenium/selenium-chromium-driver/4.2.0/selenium-chromium-driver-4.2.0.jar:/home/lokeshjammi-pc/.m2/repository/org/seleniumhq/selenium/selenium-json/4.2.0/selenium-json-4.2.0.jar:/home/lokeshjammi-pc/.m2/repository/org/seleniumhq/selenium/selenium-devtools-v100/4.2.0/selenium-devtools-v100-4.2.0.jar:/home/lokeshjammi-pc/.m2/repository/org/seleniumhq/selenium/selenium-devtools-v101/4.2.0/selenium-devtools-v101-4.2.0.jar:/home/lokeshjammi-pc/.m2/repository/org/seleniumhq/selenium/selenium-devtools-v102/4.2.0/selenium-devtools-v102-4.2.0.jar:/home/lokeshjammi-pc/.m2/repository/org/seleniumhq/selenium/selenium-devtools-v85/4.2.0/selenium-devtools-v85-4.2.0.jar:/home/lokeshjammi-pc/.m2/repository/org/seleniumhq/selenium/selenium-edge-driver/4.2.0/selenium-edge-driver-4.2.0.jar:/home/lokeshjammi-pc/.m2/repository/org/seleniumhq/selenium/selenium-firefox-driver/4.2.0/selenium-firefox-driver-4.2.0.jar:/home/lokeshjammi-pc/.m2/repository/org/seleniumhq/selenium/selenium-ie-driver/4.2.0/selenium-ie-driver-4.2.0.jar:/home/lokeshjammi-pc/.m2/repository/org/seleniumhq/selenium/selenium-opera-driver/4.2.0/selenium-opera-driver-4.2.0.jar:/home/lokeshjammi-pc/.m2/repository/org/seleniumhq/selenium/selenium-remote-driver/4.2.0/selenium-remote-driver-4.2.0.jar:/home/lokeshjammi-pc/.m2/repository/io/netty/netty-buffer/4.1.77.Final/netty-buffer-4.1.77.Final.jar:/home/lokeshjammi-pc/.m2/repository/io/netty/netty-codec-http/4.1.77.Final/netty-codec-http-4.1.77.Final.jar:/home/lokeshjammi-pc/.m2/repository/io/netty/netty-codec/4.1.77.Final/netty-codec-4.1.77.Final.jar:/home/lokeshjammi-pc/.m2/repository/io/netty/netty-handler/4.1.77.Final/netty-handler-4.1.77.Final.jar:/home/lokeshjammi-pc/.m2/repository/io/netty/netty-common/4.1.77.Final/netty-common-4.1.77.Final.jar:/home/lokeshjammi-pc/.m2/repository/io/netty/netty-transport-classes-epoll/4.1.77.Final/netty-transport-classes-epoll-4.1.77.Final.jar:/home/lokeshjammi-pc/.m2/repository/io/netty/netty-transport-classes-kqueue/4.1.77.Final/netty-transport-classes-kqueue-4.1.77.Final.jar:/home/lokeshjammi-pc/.m2/repository/io/netty/netty-transport-native-epoll/4.1.77.Final/netty-transport-native-epoll-4.1.77.Final.jar:/home/lokeshjammi-pc/.m2/repository/io/netty/netty-transport-native-kqueue/4.1.77.Final/netty-transport-native-kqueue-4.1.77.Final.jar:/home/lokeshjammi-pc/.m2/repository/io/netty/netty-transport-native-unix-common/4.1.77.Final/netty-transport-native-unix-common-4.1.77.Final.jar:/home/lokeshjammi-pc/.m2/repository/io/netty/netty-transport/4.1.77.Final/netty-transport-4.1.77.Final.jar:/home/lokeshjammi-pc/.m2/repository/io/netty/netty-resolver/4.1.77.Final/netty-resolver-4.1.77.Final.jar:/home/lokeshjammi-pc/.m2/repository/io/opentelemetry/opentelemetry-api/1.14.0/opentelemetry-api-1.14.0.jar:/home/lokeshjammi-pc/.m2/repository/io/opentelemetry/opentelemetry-context/1.14.0/opentelemetry-context-1.14.0.jar:/home/lokeshjammi-pc/.m2/repository/io/opentelemetry/opentelemetry-exporter-logging/1.14.0/opentelemetry-exporter-logging-1.14.0.jar:/home/lokeshjammi-pc/.m2/repository/io/opentelemetry/opentelemetry-sdk-metrics/1.14.0/opentelemetry-sdk-metrics-1.14.0.jar:/home/lokeshjammi-pc/.m2/repository/io/opentelemetry/opentelemetry-sdk-logs/1.14.0-alpha/opentelemetry-sdk-logs-1.14.0-alpha.jar:/home/lokeshjammi-pc/.m2/repository/io/opentelemetry/opentelemetry-sdk-common/1.14.0/opentelemetry-sdk-common-1.14.0.jar:/home/lokeshjammi-pc/.m2/repository/io/opentelemetry/opentelemetry-sdk-extension-autoconfigure-spi/1.14.0/opentelemetry-sdk-extension-autoconfigure-spi-1.14.0.jar:/home/lokeshjammi-pc/.m2/repository/io/opentelemetry/opentelemetry-sdk-extension-autoconfigure/1.14.0-alpha/opentelemetry-sdk-extension-autoconfigure-1.14.0-alpha.jar:/home/lokeshjammi-pc/.m2/repository/io/opentelemetry/opentelemetry-sdk-trace/1.14.0/opentelemetry-sdk-trace-1.14.0.jar:/home/lokeshjammi-pc/.m2/repository/io/opentelemetry/opentelemetry-sdk/1.14.0/opentelemetry-sdk-1.14.0.jar:/home/lokeshjammi-pc/.m2/repository/io/opentelemetry/opentelemetry-semconv/1.14.0-alpha/opentelemetry-semconv-1.14.0-alpha.jar:/home/lokeshjammi-pc/.m2/repository/io/ous/jtoml/2.0.0/jtoml-2.0.0.jar:/home/lokeshjammi-pc/.m2/repository/net/bytebuddy/byte-buddy/1.12.10/byte-buddy-1.12.10.jar:/home/lokeshjammi-pc/.m2/repository/org/apache/commons/commons-exec/1.3/commons-exec-1.3.jar:/home/lokeshjammi-pc/.m2/repository/org/asynchttpclient/async-http-client/2.12.3/async-http-client-2.12.3.jar:/home/lokeshjammi-pc/.m2/repository/org/asynchttpclient/async-http-client-netty-utils/2.12.3/async-http-client-netty-utils-2.12.3.jar:/home/lokeshjammi-pc/.m2/repository/io/netty/netty-codec-socks/4.1.60.Final/netty-codec-socks-4.1.60.Final.jar:/home/lokeshjammi-pc/.m2/repository/io/netty/netty-handler-proxy/4.1.60.Final/netty-handler-proxy-4.1.60.Final.jar:/home/lokeshjammi-pc/.m2/repository/io/netty/netty-transport-native-epoll/4.1.60.Final/netty-transport-native-epoll-4.1.60.Final-linux-x86_64.jar:/home/lokeshjammi-pc/.m2/repository/io/netty/netty-transport-native-kqueue/4.1.60.Final/netty-transport-native-kqueue-4.1.60.Final-osx-x86_64.jar:/home/lokeshjammi-pc/.m2/repository/org/reactivestreams/reactive-streams/1.0.3/reactive-streams-1.0.3.jar:/home/lokeshjammi-pc/.m2/repository/com/typesafe/netty/netty-reactive-streams/2.0.4/netty-reactive-streams-2.0.4.jar:/home/lokeshjammi-pc/.m2/repository/com/sun/activation/jakarta.activation/1.2.2/jakarta.activation-1.2.2.jar:/home/lokeshjammi-pc/.m2/repository/org/seleniumhq/selenium/selenium-http/4.2.0/selenium-http-4.2.0.jar:/home/lokeshjammi-pc/.m2/repository/dev/failsafe/failsafe/3.2.4/failsafe-3.2.4.jar:/home/lokeshjammi-pc/.m2/repository/org/seleniumhq/selenium/selenium-safari-driver/4.2.0/selenium-safari-driver-4.2.0.jar:/home/lokeshjammi-pc/.m2/repository/org/seleniumhq/selenium/selenium-support/4.2.0/selenium-support-4.2.0.jar:/home/lokeshjammi-pc/.m2/repository/org/testng/testng/7.6.0/testng-7.6.0.jar:/home/lokeshjammi-pc/.m2/repository/com/google/code/findbugs/jsr305/3.0.2/jsr305-3.0.2.jar:/home/lokeshjammi-pc/.m2/repository/org/slf4j/slf4j-api/1.7.36/slf4j-api-1.7.36.jar:/home/lokeshjammi-pc/.m2/repository/com/beust/jcommander/1.82/jcommander-1.82.jar:/home/lokeshjammi-pc/.m2/repository/org/webjars/jquery/3.6.0/jquery-3.6.0.jar:/home/lokeshjammi-pc/.m2/repository/org/apache/logging/log4j/log4j-api/2.17.2/log4j-api-2.17.2.jar:/home/lokeshjammi-pc/.m2/repository/org/apache/logging/log4j/log4j-core/2.17.2/log4j-core-2.17.2.jar:/home/lokeshjammi-pc/.m2/repository/commons-io/commons-io/2.11.0/commons-io-2.11.0.jar:"/>
    <property name="java.vm.vendor" value="Private Build"/>
    <property name="sun.arch.data.model" value="64"/>
    <property name="java.vendor.url" value="Unknown"/>
    <property name="user.timezone" value="Asia/Kolkata"/>
    <property name="java.vm.specification.version" value="11"/>
    <property name="os.name" value="Linux"/>
    <property name="sun.java.launcher" value="SUN_STANDARD"/>
    <property name="user.country" value="IN"/>
    <property name="sun.boot.library.path" value="/usr/lib/jvm/java-11-openjdk-amd64/lib"/>
    <property name="sun.java.command" value="/media/lokeshjammi-pc/New Volume1/IntelliJ_Workspace/E2E/target/surefire/surefirebooter-20220616193559480_3.jar /media/lokeshjammi-pc/New Volume1/IntelliJ_Workspace/E2E/target/surefire 2022-06-16T19-35-59_239-jvmRun1 surefire-20220616193559480_1tmp surefire_0-20220616193559480_2tmp"/>
    <property name="jdk.debug" value="release"/>
    <property name="surefire.test.class.path" value="/media/lokeshjammi-pc/New Volume1/IntelliJ_Workspace/E2E/target/test-classes:/media/lokeshjammi-pc/New Volume1/IntelliJ_Workspace/E2E/target/classes:/home/lokeshjammi-pc/.m2/repository/junit/junit/4.13.2/junit-4.13.2.jar:/home/lokeshjammi-pc/.m2/repository/org/hamcrest/hamcrest-core/1.3/hamcrest-core-1.3.jar:/home/lokeshjammi-pc/.m2/repository/org/seleniumhq/selenium/selenium-java/4.2.0/selenium-java-4.2.0.jar:/home/lokeshjammi-pc/.m2/repository/org/seleniumhq/selenium/selenium-api/4.2.0/selenium-api-4.2.0.jar:/home/lokeshjammi-pc/.m2/repository/org/seleniumhq/selenium/selenium-chrome-driver/4.2.0/selenium-chrome-driver-4.2.0.jar:/home/lokeshjammi-pc/.m2/repository/com/google/auto/service/auto-service-annotations/1.0.1/auto-service-annotations-1.0.1.jar:/home/lokeshjammi-pc/.m2/repository/com/google/auto/service/auto-service/1.0.1/auto-service-1.0.1.jar:/home/lokeshjammi-pc/.m2/repository/com/google/auto/auto-common/1.2/auto-common-1.2.jar:/home/lokeshjammi-pc/.m2/repository/com/google/guava/guava/31.1-jre/guava-31.1-jre.jar:/home/lokeshjammi-pc/.m2/repository/com/google/guava/failureaccess/1.0.1/failureaccess-1.0.1.jar:/home/lokeshjammi-pc/.m2/repository/com/google/guava/listenablefuture/9999.0-empty-to-avoid-conflict-with-guava/listenablefuture-9999.0-empty-to-avoid-conflict-with-guava.jar:/home/lokeshjammi-pc/.m2/repository/org/checkerframework/checker-qual/3.12.0/checker-qual-3.12.0.jar:/home/lokeshjammi-pc/.m2/repository/com/google/errorprone/error_prone_annotations/2.11.0/error_prone_annotations-2.11.0.jar:/home/lokeshjammi-pc/.m2/repository/com/google/j2objc/j2objc-annotations/1.3/j2objc-annotations-1.3.jar:/home/lokeshjammi-pc/.m2/repository/org/seleniumhq/selenium/selenium-chromium-driver/4.2.0/selenium-chromium-driver-4.2.0.jar:/home/lokeshjammi-pc/.m2/repository/org/seleniumhq/selenium/selenium-json/4.2.0/selenium-json-4.2.0.jar:/home/lokeshjammi-pc/.m2/repository/org/seleniumhq/selenium/selenium-devtools-v100/4.2.0/selenium-devtools-v100-4.2.0.jar:/home/lokeshjammi-pc/.m2/repository/org/seleniumhq/selenium/selenium-devtools-v101/4.2.0/selenium-devtools-v101-4.2.0.jar:/home/lokeshjammi-pc/.m2/repository/org/seleniumhq/selenium/selenium-devtools-v102/4.2.0/selenium-devtools-v102-4.2.0.jar:/home/lokeshjammi-pc/.m2/repository/org/seleniumhq/selenium/selenium-devtools-v85/4.2.0/selenium-devtools-v85-4.2.0.jar:/home/lokeshjammi-pc/.m2/repository/org/seleniumhq/selenium/selenium-edge-driver/4.2.0/selenium-edge-driver-4.2.0.jar:/home/lokeshjammi-pc/.m2/repository/org/seleniumhq/selenium/selenium-firefox-driver/4.2.0/selenium-firefox-driver-4.2.0.jar:/home/lokeshjammi-pc/.m2/repository/org/seleniumhq/selenium/selenium-ie-driver/4.2.0/selenium-ie-driver-4.2.0.jar:/home/lokeshjammi-pc/.m2/repository/org/seleniumhq/selenium/selenium-opera-driver/4.2.0/selenium-opera-driver-4.2.0.jar:/home/lokeshjammi-pc/.m2/repository/org/seleniumhq/selenium/selenium-remote-driver/4.2.0/selenium-remote-driver-4.2.0.jar:/home/lokeshjammi-pc/.m2/repository/io/netty/netty-buffer/4.1.77.Final/netty-buffer-4.1.77.Final.jar:/home/lokeshjammi-pc/.m2/repository/io/netty/netty-codec-http/4.1.77.Final/netty-codec-http-4.1.77.Final.jar:/home/lokeshjammi-pc/.m2/repository/io/netty/netty-codec/4.1.77.Final/netty-codec-4.1.77.Final.jar:/home/lokeshjammi-pc/.m2/repository/io/netty/netty-handler/4.1.77.Final/netty-handler-4.1.77.Final.jar:/home/lokeshjammi-pc/.m2/repository/io/netty/netty-common/4.1.77.Final/netty-common-4.1.77.Final.jar:/home/lokeshjammi-pc/.m2/repository/io/netty/netty-transport-classes-epoll/4.1.77.Final/netty-transport-classes-epoll-4.1.77.Final.jar:/home/lokeshjammi-pc/.m2/repository/io/netty/netty-transport-classes-kqueue/4.1.77.Final/netty-transport-classes-kqueue-4.1.77.Final.jar:/home/lokeshjammi-pc/.m2/repository/io/netty/netty-transport-native-epoll/4.1.77.Final/netty-transport-native-epoll-4.1.77.Final.jar:/home/lokeshjammi-pc/.m2/repository/io/netty/netty-transport-native-kqueue/4.1.77.Final/netty-transport-native-kqueue-4.1.77.Final.jar:/home/lokeshjammi-pc/.m2/repository/io/netty/netty-transport-native-unix-common/4.1.77.Final/netty-transport-native-unix-common-4.1.77.Final.jar:/home/lokeshjammi-pc/.m2/repository/io/netty/netty-transport/4.1.77.Final/netty-transport-4.1.77.Final.jar:/home/lokeshjammi-pc/.m2/repository/io/netty/netty-resolver/4.1.77.Final/netty-resolver-4.1.77.Final.jar:/home/lokeshjammi-pc/.m2/repository/io/opentelemetry/opentelemetry-api/1.14.0/opentelemetry-api-1.14.0.jar:/home/lokeshjammi-pc/.m2/repository/io/opentelemetry/opentelemetry-context/1.14.0/opentelemetry-context-1.14.0.jar:/home/lokeshjammi-pc/.m2/repository/io/opentelemetry/opentelemetry-exporter-logging/1.14.0/opentelemetry-exporter-logging-1.14.0.jar:/home/lokeshjammi-pc/.m2/repository/io/opentelemetry/opentelemetry-sdk-metrics/1.14.0/opentelemetry-sdk-metrics-1.14.0.jar:/home/lokeshjammi-pc/.m2/repository/io/opentelemetry/opentelemetry-sdk-logs/1.14.0-alpha/opentelemetry-sdk-logs-1.14.0-alpha.jar:/home/lokeshjammi-pc/.m2/repository/io/opentelemetry/opentelemetry-sdk-common/1.14.0/opentelemetry-sdk-common-1.14.0.jar:/home/lokeshjammi-pc/.m2/repository/io/opentelemetry/opentelemetry-sdk-extension-autoconfigure-spi/1.14.0/opentelemetry-sdk-extension-autoconfigure-spi-1.14.0.jar:/home/lokeshjammi-pc/.m2/repository/io/opentelemetry/opentelemetry-sdk-extension-autoconfigure/1.14.0-alpha/opentelemetry-sdk-extension-autoconfigure-1.14.0-alpha.jar:/home/lokeshjammi-pc/.m2/repository/io/opentelemetry/opentelemetry-sdk-trace/1.14.0/opentelemetry-sdk-trace-1.14.0.jar:/home/lokeshjammi-pc/.m2/repository/io/opentelemetry/opentelemetry-sdk/1.14.0/opentelemetry-sdk-1.14.0.jar:/home/lokeshjammi-pc/.m2/repository/io/opentelemetry/opentelemetry-semconv/1.14.0-alpha/opentelemetry-semconv-1.14.0-alpha.jar:/home/lokeshjammi-pc/.m2/repository/io/ous/jtoml/2.0.0/jtoml-2.0.0.jar:/home/lokeshjammi-pc/.m2/repository/net/bytebuddy/byte-buddy/1.12.10/byte-buddy-1.12.10.jar:/home/lokeshjammi-pc/.m2/repository/org/apache/commons/commons-exec/1.3/commons-exec-1.3.jar:/home/lokeshjammi-pc/.m2/repository/org/asynchttpclient/async-http-client/2.12.3/async-http-client-2.12.3.jar:/home/lokeshjammi-pc/.m2/repository/org/asynchttpclient/async-http-client-netty-utils/2.12.3/async-http-client-netty-utils-2.12.3.jar:/home/lokeshjammi-pc/.m2/repository/io/netty/netty-codec-socks/4.1.60.Final/netty-codec-socks-4.1.60.Final.jar:/home/lokeshjammi-pc/.m2/repository/io/netty/netty-handler-proxy/4.1.60.Final/netty-handler-proxy-4.1.60.Final.jar:/home/lokeshjammi-pc/.m2/repository/io/netty/netty-transport-native-epoll/4.1.60.Final/netty-transport-native-epoll-4.1.60.Final-linux-x86_64.jar:/home/lokeshjammi-pc/.m2/repository/io/netty/netty-transport-native-kqueue/4.1.60.Final/netty-transport-native-kqueue-4.1.60.Final-osx-x86_64.jar:/home/lokeshjammi-pc/.m2/repository/org/reactivestreams/reactive-streams/1.0.3/reactive-streams-1.0.3.jar:/home/lokeshjammi-pc/.m2/repository/com/typesafe/netty/netty-reactive-streams/2.0.4/netty-reactive-streams-2.0.4.jar:/home/lokeshjammi-pc/.m2/repository/com/sun/activation/jakarta.activation/1.2.2/jakarta.activation-1.2.2.jar:/home/lokeshjammi-pc/.m2/repository/org/seleniumhq/selenium/selenium-http/4.2.0/selenium-http-4.2.0.jar:/home/lokeshjammi-pc/.m2/repository/dev/failsafe/failsafe/3.2.4/failsafe-3.2.4.jar:/home/lokeshjammi-pc/.m2/repository/org/seleniumhq/selenium/selenium-safari-driver/4.2.0/selenium-safari-driver-4.2.0.jar:/home/lokeshjammi-pc/.m2/repository/org/seleniumhq/selenium/selenium-support/4.2.0/selenium-support-4.2.0.jar:/home/lokeshjammi-pc/.m2/repository/org/testng/testng/7.6.0/testng-7.6.0.jar:/home/lokeshjammi-pc/.m2/repository/com/google/code/findbugs/jsr305/3.0.2/jsr305-3.0.2.jar:/home/lokeshjammi-pc/.m2/repository/org/slf4j/slf4j-api/1.7.36/slf4j-api-1.7.36.jar:/home/lokeshjammi-pc/.m2/repository/com/beust/jcommander/1.82/jcommander-1.82.jar:/home/lokeshjammi-pc/.m2/repository/org/webjars/jquery/3.6.0/jquery-3.6.0.jar:/home/lokeshjammi-pc/.m2/repository/org/apache/logging/log4j/log4j-api/2.17.2/log4j-api-2.17.2.jar:/home/lokeshjammi-pc/.m2/repository/org/apache/logging/log4j/log4j-core/2.17.2/log4j-core-2.17.2.jar:/home/lokeshjammi-pc/.m2/repository/commons-io/commons-io/2.11.0/commons-io-2.11.0.jar:"/>
    <property name="sun.cpu.endian" value="little"/>
    <property name="user.home" value="/home/lokeshjammi-pc"/>
    <property name="user.language" value="en"/>
    <property name="java.specification.vendor" value="Oracle Corporation"/>
    <property name="java.version.date" value="2022-04-19"/>
    <property name="java.home" value="/usr/lib/jvm/java-11-openjdk-amd64"/>
    <property name="file.separator" value="/"/>
    <property name="basedir" value="/media/lokeshjammi-pc/New Volume1/IntelliJ_Workspace/E2E"/>
    <property name="java.vm.compressedOopsMode" value="Zero based"/>
    <property name="line.separator" value="&#10;"/>
    <property name="java.specification.name" value="Java Platform API Specification"/>
    <property name="java.vm.specification.vendor" value="Oracle Corporation"/>
    <property name="java.awt.graphicsenv" value="sun.awt.X11GraphicsEnvironment"/>
    <property name="surefire.real.class.path" value="/media/lokeshjammi-pc/New Volume1/IntelliJ_Workspace/E2E/target/surefire/surefirebooter-20220616193559480_3.jar"/>
    <property name="sun.management.compiler" value="HotSpot 64-Bit Tiered Compilers"/>
    <property name="java.runtime.version" value="11.0.15+10-Ubuntu-0ubuntu0.22.04.1"/>
    <property name="webdriver.edge.driver" value="/media/lokeshjammi-pc/New Volume1/IntelliJ_Workspace/E2E/src/main/java/Academy/resource/drivers/Edge/Ubuntu/msedgedriver"/>
    <property name="user.name" value="lokeshjammi-pc"/>
    <property name="path.separator" value=":"/>
    <property name="os.version" value="5.15.0-39-generic"/>
    <property name="java.runtime.name" value="OpenJDK Runtime Environment"/>
    <property name="file.encoding" value="UTF-8"/>
    <property name="java.vm.name" value="OpenJDK 64-Bit Server VM"/>
    <property name="localRepository" value="/home/lokeshjammi-pc/.m2/repository"/>
    <property name="java.vendor.url.bug" value="Unknown"/>
    <property name="java.io.tmpdir" value="/tmp"/>
    <property name="java.version" value="11.0.15"/>
    <property name="user.dir" value="/media/lokeshjammi-pc/New Volume1/IntelliJ_Workspace/E2E"/>
    <property name="os.arch" value="amd64"/>
    <property name="java.vm.specification.name" value="Java Virtual Machine Specification"/>
    <property name="java.awt.printerjob" value="sun.print.PSPrinterJob"/>
    <property name="sun.os.patch.level" value="unknown"/>
    <property name="java.library.path" value="/usr/java/packages/lib:/usr/lib/x86_64-linux-gnu/jni:/lib/x86_64-linux-gnu:/usr/lib/x86_64-linux-gnu:/usr/lib/jni:/lib:/usr/lib"/>
    <property name="java.vm.info" value="mixed mode, sharing"/>
    <property name="java.vendor" value="Private Build"/>
    <property name="java.vm.version" value="11.0.15+10-Ubuntu-0ubuntu0.22.04.1"/>
    <property name="sun.io.unicode.encoding" value="UnicodeLittle"/>
    <property name="java.class.version" value="55.0"/>
  </properties>
  <testcase name="basePageNavigation" classname="HomePage.HomePage" time="9.304">
    <system-out><![CDATA[java.io.FileNotFoundException: D:\IntelliJ_Workspace\E2EProject\src\main\java\Academy\resource\data.properties (No such file or directory)
/media/lokeshjammi-pc/New Volume1/IntelliJ_Workspace/E2E
]]></system-out>
    <system-err><![CDATA[SLF4J: Failed to load class "org.slf4j.impl.StaticLoggerBinder".
SLF4J: Defaulting to no-operation (NOP) logger implementation
SLF4J: See http://www.slf4j.org/codes.html#StaticLoggerBinder for further details.
Starting Microsoft Edge WebDriver 102.0.1245.33 (41285f1c5672f618820f679d5efba8bafa4828de) on port 41412
To submit feedback, report a bug, or suggest new features, please visit https://github.com/MicrosoftEdge/EdgeWebDriver

Only local connections are allowed.
Please see https://aka.ms/WebDriverSecurity for suggestions on keeping Microsoft Edge WebDriver safe.

Microsoft Edge WebDriver was started successfully.
Jun 16, 2022 7:36:01 PM org.openqa.selenium.remote.ProtocolHandshake createSession
INFO: Detected upstream dialect: W3C
Jun 16, 2022 7:36:01 PM org.openqa.selenium.W3CCapabilityKeysValidator validateCapability
WARNING: Support for Legacy Capabilities is deprecated; You are sending "msedge" which is an invalid capability. Please update to W3C Syntax: https://www.selenium.dev/blog/2022/legacy-protocol-support/
Jun 16, 2022 7:36:01 PM org.openqa.selenium.W3CCapabilityKeysValidator validateCapability
WARNING: Support for Legacy Capabilities is deprecated; You are sending "msedge" which is an invalid capability. Please update to W3C Syntax: https://www.selenium.dev/blog/2022/legacy-protocol-support/
Jun 16, 2022 7:36:01 PM org.openqa.selenium.W3CCapabilityKeysValidator validateCapability
WARNING: Support for Legacy Capabilities is deprecated; You are sending "networkConnectionEnabled" which is an invalid capability. Please update to W3C Syntax: https://www.selenium.dev/blog/2022/legacy-protocol-support/
Jun 16, 2022 7:36:01 PM org.openqa.selenium.W3CCapabilityKeysValidator validateCapability
WARNING: Support for Legacy Capabilities is deprecated; You are sending "networkConnectionEnabled" which is an invalid capability. Please update to W3C Syntax: https://www.selenium.dev/blog/2022/legacy-protocol-support/
Jun 16, 2022 7:36:01 PM org.openqa.selenium.W3CCapabilityKeysValidator validateCapability
WARNING: Support for Legacy Capabilities is deprecated; You are sending "platform" which is an invalid capability. Please update to W3C Syntax: https://www.selenium.dev/blog/2022/legacy-protocol-support/
Jun 16, 2022 7:36:01 PM org.openqa.selenium.W3CCapabilityKeysValidator validateCapability
WARNING: Support for Legacy Capabilities is deprecated; You are sending "platform" which is an invalid capability. Please update to W3C Syntax: https://www.selenium.dev/blog/2022/legacy-protocol-support/
Jun 16, 2022 7:36:01 PM org.openqa.selenium.W3CCapabilityKeysValidator validateCapability
WARNING: Support for Legacy Capabilities is deprecated; You are sending "javascriptEnabled" which is an invalid capability. Please update to W3C Syntax: https://www.selenium.dev/blog/2022/legacy-protocol-support/
Jun 16, 2022 7:36:01 PM org.openqa.selenium.W3CCapabilityKeysValidator validateCapability
WARNING: Support for Legacy Capabilities is deprecated; You are sending "javascriptEnabled" which is an invalid capability. Please update to W3C Syntax: https://www.selenium.dev/blog/2022/legacy-protocol-support/
Jun 16, 2022 7:36:01 PM org.openqa.selenium.devtools.CdpVersionFinder findNearestMatch
INFO: Found exact CDP implementation for version 102
Jun 16, 2022 7:36:01 PM org.openqa.selenium.W3CCapabilityKeysValidator validateCapability
WARNING: Support for Legacy Capabilities is deprecated; You are sending "javascriptEnabled" which is an invalid capability. Please update to W3C Syntax: https://www.selenium.dev/blog/2022/legacy-protocol-support/
Jun 16, 2022 7:36:01 PM org.openqa.selenium.W3CCapabilityKeysValidator validateCapability
WARNING: Support for Legacy Capabilities is deprecated; You are sending "msedge" which is an invalid capability. Please update to W3C Syntax: https://www.selenium.dev/blog/2022/legacy-protocol-support/
Jun 16, 2022 7:36:01 PM org.openqa.selenium.W3CCapabilityKeysValidator validateCapability
WARNING: Support for Legacy Capabilities is deprecated; You are sending "networkConnectionEnabled" which is an invalid capability. Please update to W3C Syntax: https://www.selenium.dev/blog/2022/legacy-protocol-support/
Jun 16, 2022 7:36:01 PM org.openqa.selenium.W3CCapabilityKeysValidator validateCapability
WARNING: Support for Legacy Capabilities is deprecated; You are sending "platform" which is an invalid capability. Please update to W3C Syntax: https://www.selenium.dev/blog/2022/legacy-protocol-support/
Jun 16, 2022 7:36:01 PM org.openqa.selenium.W3CCapabilityKeysValidator validateCapability
WARNING: Support for Legacy Capabilities is deprecated; You are sending "networkConnectionEnabled" which is an invalid capability. Please update to W3C Syntax: https://www.selenium.dev/blog/2022/legacy-protocol-support/
Jun 16, 2022 7:36:01 PM org.openqa.selenium.W3CCapabilityKeysValidator validateCapability
WARNING: Support for Legacy Capabilities is deprecated; You are sending "msedge" which is an invalid capability. Please update to W3C Syntax: https://www.selenium.dev/blog/2022/legacy-protocol-support/
Jun 16, 2022 7:36:01 PM org.openqa.selenium.W3CCapabilityKeysValidator validateCapability
WARNING: Support for Legacy Capabilities is deprecated; You are sending "platform" which is an invalid capability. Please update to W3C Syntax: https://www.selenium.dev/blog/2022/legacy-protocol-support/
Jun 16, 2022 7:36:01 PM org.openqa.selenium.W3CCapabilityKeysValidator validateCapability
WARNING: Support for Legacy Capabilities is deprecated; You are sending "javascriptEnabled" which is an invalid capability. Please update to W3C Syntax: https://www.selenium.dev/blog/2022/legacy-protocol-support/
Jun 16, 2022 7:36:01 PM org.openqa.selenium.W3CCapabilityKeysValidator validateCapability
WARNING: Support for Legacy Capabilities is deprecated; You are sending "networkConnectionEnabled" which is an invalid capability. Please update to W3C Syntax: https://www.selenium.dev/blog/2022/legacy-protocol-support/
Jun 16, 2022 7:36:01 PM org.openqa.selenium.W3CCapabilityKeysValidator validateCapability
WARNING: Support for Legacy Capabilities is deprecated; You are sending "msedge" which is an invalid capability. Please update to W3C Syntax: https://www.selenium.dev/blog/2022/legacy-protocol-support/
Jun 16, 2022 7:36:01 PM org.openqa.selenium.W3CCapabilityKeysValidator validateCapability
WARNING: Support for Legacy Capabilities is deprecated; You are sending "platform" which is an invalid capability. Please update to W3C Syntax: https://www.selenium.dev/blog/2022/legacy-protocol-support/
Jun 16, 2022 7:36:01 PM org.openqa.selenium.W3CCapabilityKeysValidator validateCapability
WARNING: Support for Legacy Capabilities is deprecated; You are sending "javascriptEnabled" which is an invalid capability. Please update to W3C Syntax: https://www.selenium.dev/blog/2022/legacy-protocol-support/
Jun 16, 2022 7:36:01 PM org.openqa.selenium.W3CCapabilityKeysValidator validateCapability
WARNING: Support for Legacy Capabilities is deprecated; You are sending "networkConnectionEnabled" which is an invalid capability. Please update to W3C Syntax: https://www.selenium.dev/blog/2022/legacy-protocol-support/
Jun 16, 2022 7:36:01 PM org.openqa.selenium.W3CCapabilityKeysValidator validateCapability
WARNING: Support for Legacy Capabilities is deprecated; You are sending "msedge" which is an invalid capability. Please update to W3C Syntax: https://www.selenium.dev/blog/2022/legacy-protocol-support/
Jun 16, 2022 7:36:01 PM org.openqa.selenium.W3CCapabilityKeysValidator validateCapability
WARNING: Support for Legacy Capabilities is deprecated; You are sending "platform" which is an invalid capability. Please update to W3C Syntax: https://www.selenium.dev/blog/2022/legacy-protocol-support/
Jun 16, 2022 7:36:01 PM org.openqa.selenium.W3CCapabilityKeysValidator validateCapability
WARNING: Support for Legacy Capabilities is deprecated; You are sending "javascriptEnabled" which is an invalid capability. Please update to W3C Syntax: https://www.selenium.dev/blog/2022/legacy-protocol-support/
Jun 16, 2022 7:36:01 PM org.openqa.selenium.W3CCapabilityKeysValidator validateCapability
WARNING: Support for Legacy Capabilities is deprecated; You are sending "javascriptEnabled" which is an invalid capability. Please update to W3C Syntax: https://www.selenium.dev/blog/2022/legacy-protocol-support/
Jun 16, 2022 7:36:01 PM org.openqa.selenium.W3CCapabilityKeysValidator validateCapability
WARNING: Support for Legacy Capabilities is deprecated; You are sending "msedge" which is an invalid capability. Please update to W3C Syntax: https://www.selenium.dev/blog/2022/legacy-protocol-support/
Jun 16, 2022 7:36:01 PM org.openqa.selenium.W3CCapabilityKeysValidator validateCapability
WARNING: Support for Legacy Capabilities is deprecated; You are sending "networkConnectionEnabled" which is an invalid capability. Please update to W3C Syntax: https://www.selenium.dev/blog/2022/legacy-protocol-support/
Jun 16, 2022 7:36:01 PM org.openqa.selenium.W3CCapabilityKeysValidator validateCapability
WARNING: Support for Legacy Capabilities is deprecated; You are sending "platform" which is an invalid capability. Please update to W3C Syntax: https://www.selenium.dev/blog/2022/legacy-protocol-support/
]]></system-err>
  </testcase>
</testsuite>