<?xml version="1.0" encoding="UTF-8"?>
<testsuite xmlns:xsi="http://www.w3.org/2001/XMLSchema-instance" xsi:noNamespaceSchemaLocation="https://maven.apache.org/surefire/maven-surefire-plugin/xsd/surefire-test-report-3.0.xsd" version="3.0" name="TestSuite" time="30.039" tests="1" errors="0" skipped="0" failures="1">
  <properties>
    <property name="sun.desktop" value="gnome"/>
    <property name="awt.toolkit" value="sun.awt.X11.XToolkit"/>
    <property name="java.specification.version" value="11"/>
    <property name="sun.cpu.isalist" value=""/>
    <property name="sun.jnu.encoding" value="UTF-8"/>
    <property name="java.class.path" value="/media/lokeshjammi-pc/New Volume1/IntelliJ_Workspace/E2E/target/test-classes:/media/lokeshjammi-pc/New Volume1/IntelliJ_Workspace/E2E/target/classes:/home/lokeshjammi-pc/.m2/repository/junit/junit/4.13.2/junit-4.13.2.jar:/home/lokeshjammi-pc/.m2/repository/org/hamcrest/hamcrest-core/1.3/hamcrest-core-1.3.jar:/home/lokeshjammi-pc/.m2/repository/org/seleniumhq/selenium/selenium-java/4.2.0/selenium-java-4.2.0.jar:/home/lokeshjammi-pc/.m2/repository/org/seleniumhq/selenium/selenium-api/4.2.0/selenium-api-4.2.0.jar:/home/lokeshjammi-pc/.m2/repository/org/seleniumhq/selenium/selenium-chrome-driver/4.2.0/selenium-chrome-driver-4.2.0.jar:/home/lokeshjammi-pc/.m2/repository/com/google/auto/service/auto-service-annotations/1.0.1/auto-service-annotations-1.0.1.jar:/home/lokeshjammi-pc/.m2/repository/com/google/auto/service/auto-service/1.0.1/auto-service-1.0.1.jar:/home/lokeshjammi-pc/.m2/repository/com/google/auto/auto-common/1.2/auto-common-1.2.jar:/home/lokeshjammi-pc/.m2/repository/com/google/guava/guava/31.1-jre/guava-31.1-jre.jar:/home/lokeshjammi-pc/.m2/repository/com/google/guava/failureaccess/1.0.1/failureaccess-1.0.1.jar:/home/lokeshjammi-pc/.m2/repository/com/google/guava/listenablefuture/9999.0-empty-to-avoid-conflict-with-guava/listenablefuture-9999.0-empty-to-avoid-conflict-with-guava.jar:/home/lokeshjammi-pc/.m2/repository/org/checkerframework/checker-qual/3.12.0/checker-qual-3.12.0.jar:/home/lokeshjammi-pc/.m2/repository/com/google/errorprone/error_prone_annotations/2.11.0/error_prone_annotations-2.11.0.jar:/home/lokeshjammi-pc/.m2/repository/com/google/j2objc/j2objc-annotations/1.3/j2objc-annotations-1.3.jar:/home/lokeshjammi-pc/.m2/repository/org/seleniumhq/selenium/selenium-chromium-driver/4.2.0/selenium-chromium-driver-4.2.0.jar:/home/lokeshjammi-pc/.m2/repository/org/seleniumhq/selenium/selenium-json/4.2.0/selenium-json-4.2.0.jar:/home/lokeshjammi-pc/.m2/repository/org/seleniumhq/selenium/selenium-devtools-v100/4.2.0/selenium-devtools-v100-4.2.0.jar:/home/lokeshjammi-pc/.m2/repository/org/seleniumhq/selenium/selenium-devtools-v101/4.2.0/selenium-devtools-v101-4.2.0.jar:/home/lokeshjammi-pc/.m2/repository/org/seleniumhq/selenium/selenium-devtools-v102/4.2.0/selenium-devtools-v102-4.2.0.jar:/home/lokeshjammi-pc/.m2/repository/org/seleniumhq/selenium/selenium-devtools-v85/4.2.0/selenium-devtools-v85-4.2.0.jar:/home/lokeshjammi-pc/.m2/repository/org/seleniumhq/selenium/selenium-edge-driver/4.2.0/selenium-edge-driver-4.2.0.jar:/home/lokeshjammi-pc/.m2/repository/org/seleniumhq/selenium/selenium-firefox-driver/4.2.0/selenium-firefox-driver-4.2.0.jar:/home/lokeshjammi-pc/.m2/repository/org/seleniumhq/selenium/selenium-ie-driver/4.2.0/selenium-ie-driver-4.2.0.jar:/home/lokeshjammi-pc/.m2/repository/org/seleniumhq/selenium/selenium-opera-driver/4.2.0/selenium-opera-driver-4.2.0.jar:/home/lokeshjammi-pc/.m2/repository/org/seleniumhq/selenium/selenium-remote-driver/4.2.0/selenium-remote-driver-4.2.0.jar:/home/lokeshjammi-pc/.m2/repository/io/netty/netty-buffer/4.1.77.Final/netty-buffer-4.1.77.Final.jar:/home/lokeshjammi-pc/.m2/repository/io/netty/netty-codec-http/4.1.77.Final/netty-codec-http-4.1.77.Final.jar:/home/lokeshjammi-pc/.m2/repository/io/netty/netty-codec/4.1.77.Final/netty-codec-4.1.77.Final.jar:/home/lokeshjammi-pc/.m2/repository/io/netty/netty-handler/4.1.77.Final/netty-handler-4.1.77.Final.jar:/home/lokeshjammi-pc/.m2/repository/io/netty/netty-common/4.1.77.Final/netty-common-4.1.77.Final.jar:/home/lokeshjammi-pc/.m2/repository/io/netty/netty-transport-classes-epoll/4.1.77.Final/netty-transport-classes-epoll-4.1.77.Final.jar:/home/lokeshjammi-pc/.m2/repository/io/netty/netty-transport-classes-kqueue/4.1.77.Final/netty-transport-classes-kqueue-4.1.77.Final.jar:/home/lokeshjammi-pc/.m2/repository/io/netty/netty-transport-native-epoll/4.1.77.Final/netty-transport-native-epoll-4.1.77.Final.jar:/home/lokeshjammi-pc/.m2/repository/io/netty/netty-transport-native-kqueue/4.1.77.Final/netty-transport-native-kqueue-4.1.77.Final.jar:/home/lokeshjammi-pc/.m2/repository/io/netty/netty-transport-native-unix-common/4.1.77.Final/netty-transport-native-unix-common-4.1.77.Final.jar:/home/lokeshjammi-pc/.m2/repository/io/netty/netty-transport/4.1.77.Final/netty-transport-4.1.77.Final.jar:/home/lokeshjammi-pc/.m2/repository/io/netty/netty-resolver/4.1.77.Final/netty-resolver-4.1.77.Final.jar:/home/lokeshjammi-pc/.m2/repository/io/opentelemetry/opentelemetry-api/1.14.0/opentelemetry-api-1.14.0.jar:/home/lokeshjammi-pc/.m2/repository/io/opentelemetry/opentelemetry-context/1.14.0/opentelemetry-context-1.14.0.jar:/home/lokeshjammi-pc/.m2/repository/io/opentelemetry/opentelemetry-exporter-logging/1.14.0/opentelemetry-exporter-logging-1.14.0.jar:/home/lokeshjammi-pc/.m2/repository/io/opentelemetry/opentelemetry-sdk-metrics/1.14.0/opentelemetry-sdk-metrics-1.14.0.jar:/home/lokeshjammi-pc/.m2/repository/io/opentelemetry/opentelemetry-sdk-logs/1.14.0-alpha/opentelemetry-sdk-logs-1.14.0-alpha.jar:/home/lokeshjammi-pc/.m2/repository/io/opentelemetry/opentelemetry-sdk-common/1.14.0/opentelemetry-sdk-common-1.14.0.jar:/home/lokeshjammi-pc/.m2/repository/io/opentelemetry/opentelemetry-sdk-extension-autoconfigure-spi/1.14.0/opentelemetry-sdk-extension-autoconfigure-spi-1.14.0.jar:/home/lokeshjammi-pc/.m2/repository/io/opentelemetry/opentelemetry-sdk-extension-autoconfigure/1.14.0-alpha/opentelemetry-sdk-extension-autoconfigure-1.14.0-alpha.jar:/home/lokeshjammi-pc/.m2/repository/io/opentelemetry/opentelemetry-sdk-trace/1.14.0/opentelemetry-sdk-trace-1.14.0.jar:/home/lokeshjammi-pc/.m2/repository/io/opentelemetry/opentelemetry-sdk/1.14.0/opentelemetry-sdk-1.14.0.jar:/home/lokeshjammi-pc/.m2/repository/io/opentelemetry/opentelemetry-semconv/1.14.0-alpha/opentelemetry-semconv-1.14.0-alpha.jar:/home/lokeshjammi-pc/.m2/repository/io/ous/jtoml/2.0.0/jtoml-2.0.0.jar:/home/lokeshjammi-pc/.m2/repository/net/bytebuddy/byte-buddy/1.12.10/byte-buddy-1.12.10.jar:/home/lokeshjammi-pc/.m2/repository/org/apache/commons/commons-exec/1.3/commons-exec-1.3.jar:/home/lokeshjammi-pc/.m2/repository/org/asynchttpclient/async-http-client/2.12.3/async-http-client-2.12.3.jar:/home/lokeshjammi-pc/.m2/repository/org/asynchttpclient/async-http-client-netty-utils/2.12.3/async-http-client-netty-utils-2.12.3.jar:/home/lokeshjammi-pc/.m2/repository/io/netty/netty-codec-socks/4.1.60.Final/netty-codec-socks-4.1.60.Final.jar:/home/lokeshjammi-pc/.m2/repository/io/netty/netty-handler-proxy/4.1.60.Final/netty-handler-proxy-4.1.60.Final.jar:/home/lokeshjammi-pc/.m2/repository/io/netty/netty-transport-native-epoll/4.1.60.Final/netty-transport-native-epoll-4.1.60.Final-linux-x86_64.jar:/home/lokeshjammi-pc/.m2/repository/io/netty/netty-transport-native-kqueue/4.1.60.Final/netty-transport-native-kqueue-4.1.60.Final-osx-x86_64.jar:/home/lokeshjammi-pc/.m2/repository/org/reactivestreams/reactive-streams/1.0.3/reactive-streams-1.0.3.jar:/home/lokeshjammi-pc/.m2/repository/com/typesafe/netty/netty-reactive-streams/2.0.4/netty-reactive-streams-2.0.4.jar:/home/lokeshjammi-pc/.m2/repository/com/sun/activation/jakarta.activation/1.2.2/jakarta.activation-1.2.2.jar:/home/lokeshjammi-pc/.m2/repository/org/seleniumhq/selenium/selenium-http/4.2.0/selenium-http-4.2.0.jar:/home/lokeshjammi-pc/.m2/repository/dev/failsafe/failsafe/3.2.4/failsafe-3.2.4.jar:/home/lokeshjammi-pc/.m2/repository/org/seleniumhq/selenium/selenium-safari-driver/4.2.0/selenium-safari-driver-4.2.0.jar:/home/lokeshjammi-pc/.m2/repository/org/seleniumhq/selenium/selenium-support/4.2.0/selenium-support-4.2.0.jar:/home/lokeshjammi-pc/.m2/repository/org/testng/testng/7.6.0/testng-7.6.0.jar:/home/lokeshjammi-pc/.m2/repository/com/google/code/findbugs/jsr305/3.0.2/jsr305-3.0.2.jar:/home/lokeshjammi-pc/.m2/repository/org/slf4j/slf4j-api/1.7.36/slf4j-api-1.7.36.jar:/home/lokeshjammi-pc/.m2/repository/com/beust/jcommander/1.82/jcommander-1.82.jar:/home/lokeshjammi-pc/.m2/repository/org/webjars/jquery/3.6.0/jquery-3.6.0.jar:/home/lokeshjammi-pc/.m2/repository/org/apache/logging/log4j/log4j-api/2.17.2/log4j-api-2.17.2.jar:/home/lokeshjammi-pc/.m2/repository/org/apache/logging/log4j/log4j-core/2.17.2/log4j-core-2.17.2.jar:/home/lokeshjammi-pc/.m2/repository/commons-io/commons-io/2.11.0/commons-io-2.11.0.jar:"/>
    <property name="java.vm.vendor" value="Private Build"/>
    <property name="sun.arch.data.model" value="64"/>
    <property name="java.vendor.url" value="Unknown"/>
    <property name="user.timezone" value="Asia/Kolkata"/>
    <property name="java.vm.specification.version" value="11"/>
    <property name="os.name" value="Linux"/>
    <property name="sun.java.launcher" value="SUN_STANDARD"/>
    <property name="user.country" value="IN"/>
    <property name="sun.boot.library.path" value="/usr/lib/jvm/java-11-openjdk-amd64/lib"/>
    <property name="sun.java.command" value="/media/lokeshjammi-pc/New Volume1/IntelliJ_Workspace/E2E/target/surefire/surefirebooter-20220614170557269_3.jar /media/lokeshjammi-pc/New Volume1/IntelliJ_Workspace/E2E/target/surefire 2022-06-14T17-05-57_030-jvmRun1 surefire-20220614170557269_1tmp surefire_0-20220614170557269_2tmp"/>
    <property name="jdk.debug" value="release"/>
    <property name="surefire.test.class.path" value="/media/lokeshjammi-pc/New Volume1/IntelliJ_Workspace/E2E/target/test-classes:/media/lokeshjammi-pc/New Volume1/IntelliJ_Workspace/E2E/target/classes:/home/lokeshjammi-pc/.m2/repository/junit/junit/4.13.2/junit-4.13.2.jar:/home/lokeshjammi-pc/.m2/repository/org/hamcrest/hamcrest-core/1.3/hamcrest-core-1.3.jar:/home/lokeshjammi-pc/.m2/repository/org/seleniumhq/selenium/selenium-java/4.2.0/selenium-java-4.2.0.jar:/home/lokeshjammi-pc/.m2/repository/org/seleniumhq/selenium/selenium-api/4.2.0/selenium-api-4.2.0.jar:/home/lokeshjammi-pc/.m2/repository/org/seleniumhq/selenium/selenium-chrome-driver/4.2.0/selenium-chrome-driver-4.2.0.jar:/home/lokeshjammi-pc/.m2/repository/com/google/auto/service/auto-service-annotations/1.0.1/auto-service-annotations-1.0.1.jar:/home/lokeshjammi-pc/.m2/repository/com/google/auto/service/auto-service/1.0.1/auto-service-1.0.1.jar:/home/lokeshjammi-pc/.m2/repository/com/google/auto/auto-common/1.2/auto-common-1.2.jar:/home/lokeshjammi-pc/.m2/repository/com/google/guava/guava/31.1-jre/guava-31.1-jre.jar:/home/lokeshjammi-pc/.m2/repository/com/google/guava/failureaccess/1.0.1/failureaccess-1.0.1.jar:/home/lokeshjammi-pc/.m2/repository/com/google/guava/listenablefuture/9999.0-empty-to-avoid-conflict-with-guava/listenablefuture-9999.0-empty-to-avoid-conflict-with-guava.jar:/home/lokeshjammi-pc/.m2/repository/org/checkerframework/checker-qual/3.12.0/checker-qual-3.12.0.jar:/home/lokeshjammi-pc/.m2/repository/com/google/errorprone/error_prone_annotations/2.11.0/error_prone_annotations-2.11.0.jar:/home/lokeshjammi-pc/.m2/repository/com/google/j2objc/j2objc-annotations/1.3/j2objc-annotations-1.3.jar:/home/lokeshjammi-pc/.m2/repository/org/seleniumhq/selenium/selenium-chromium-driver/4.2.0/selenium-chromium-driver-4.2.0.jar:/home/lokeshjammi-pc/.m2/repository/org/seleniumhq/selenium/selenium-json/4.2.0/selenium-json-4.2.0.jar:/home/lokeshjammi-pc/.m2/repository/org/seleniumhq/selenium/selenium-devtools-v100/4.2.0/selenium-devtools-v100-4.2.0.jar:/home/lokeshjammi-pc/.m2/repository/org/seleniumhq/selenium/selenium-devtools-v101/4.2.0/selenium-devtools-v101-4.2.0.jar:/home/lokeshjammi-pc/.m2/repository/org/seleniumhq/selenium/selenium-devtools-v102/4.2.0/selenium-devtools-v102-4.2.0.jar:/home/lokeshjammi-pc/.m2/repository/org/seleniumhq/selenium/selenium-devtools-v85/4.2.0/selenium-devtools-v85-4.2.0.jar:/home/lokeshjammi-pc/.m2/repository/org/seleniumhq/selenium/selenium-edge-driver/4.2.0/selenium-edge-driver-4.2.0.jar:/home/lokeshjammi-pc/.m2/repository/org/seleniumhq/selenium/selenium-firefox-driver/4.2.0/selenium-firefox-driver-4.2.0.jar:/home/lokeshjammi-pc/.m2/repository/org/seleniumhq/selenium/selenium-ie-driver/4.2.0/selenium-ie-driver-4.2.0.jar:/home/lokeshjammi-pc/.m2/repository/org/seleniumhq/selenium/selenium-opera-driver/4.2.0/selenium-opera-driver-4.2.0.jar:/home/lokeshjammi-pc/.m2/repository/org/seleniumhq/selenium/selenium-remote-driver/4.2.0/selenium-remote-driver-4.2.0.jar:/home/lokeshjammi-pc/.m2/repository/io/netty/netty-buffer/4.1.77.Final/netty-buffer-4.1.77.Final.jar:/home/lokeshjammi-pc/.m2/repository/io/netty/netty-codec-http/4.1.77.Final/netty-codec-http-4.1.77.Final.jar:/home/lokeshjammi-pc/.m2/repository/io/netty/netty-codec/4.1.77.Final/netty-codec-4.1.77.Final.jar:/home/lokeshjammi-pc/.m2/repository/io/netty/netty-handler/4.1.77.Final/netty-handler-4.1.77.Final.jar:/home/lokeshjammi-pc/.m2/repository/io/netty/netty-common/4.1.77.Final/netty-common-4.1.77.Final.jar:/home/lokeshjammi-pc/.m2/repository/io/netty/netty-transport-classes-epoll/4.1.77.Final/netty-transport-classes-epoll-4.1.77.Final.jar:/home/lokeshjammi-pc/.m2/repository/io/netty/netty-transport-classes-kqueue/4.1.77.Final/netty-transport-classes-kqueue-4.1.77.Final.jar:/home/lokeshjammi-pc/.m2/repository/io/netty/netty-transport-native-epoll/4.1.77.Final/netty-transport-native-epoll-4.1.77.Final.jar:/home/lokeshjammi-pc/.m2/repository/io/netty/netty-transport-native-kqueue/4.1.77.Final/netty-transport-native-kqueue-4.1.77.Final.jar:/home/lokeshjammi-pc/.m2/repository/io/netty/netty-transport-native-unix-common/4.1.77.Final/netty-transport-native-unix-common-4.1.77.Final.jar:/home/lokeshjammi-pc/.m2/repository/io/netty/netty-transport/4.1.77.Final/netty-transport-4.1.77.Final.jar:/home/lokeshjammi-pc/.m2/repository/io/netty/netty-resolver/4.1.77.Final/netty-resolver-4.1.77.Final.jar:/home/lokeshjammi-pc/.m2/repository/io/opentelemetry/opentelemetry-api/1.14.0/opentelemetry-api-1.14.0.jar:/home/lokeshjammi-pc/.m2/repository/io/opentelemetry/opentelemetry-context/1.14.0/opentelemetry-context-1.14.0.jar:/home/lokeshjammi-pc/.m2/repository/io/opentelemetry/opentelemetry-exporter-logging/1.14.0/opentelemetry-exporter-logging-1.14.0.jar:/home/lokeshjammi-pc/.m2/repository/io/opentelemetry/opentelemetry-sdk-metrics/1.14.0/opentelemetry-sdk-metrics-1.14.0.jar:/home/lokeshjammi-pc/.m2/repository/io/opentelemetry/opentelemetry-sdk-logs/1.14.0-alpha/opentelemetry-sdk-logs-1.14.0-alpha.jar:/home/lokeshjammi-pc/.m2/repository/io/opentelemetry/opentelemetry-sdk-common/1.14.0/opentelemetry-sdk-common-1.14.0.jar:/home/lokeshjammi-pc/.m2/repository/io/opentelemetry/opentelemetry-sdk-extension-autoconfigure-spi/1.14.0/opentelemetry-sdk-extension-autoconfigure-spi-1.14.0.jar:/home/lokeshjammi-pc/.m2/repository/io/opentelemetry/opentelemetry-sdk-extension-autoconfigure/1.14.0-alpha/opentelemetry-sdk-extension-autoconfigure-1.14.0-alpha.jar:/home/lokeshjammi-pc/.m2/repository/io/opentelemetry/opentelemetry-sdk-trace/1.14.0/opentelemetry-sdk-trace-1.14.0.jar:/home/lokeshjammi-pc/.m2/repository/io/opentelemetry/opentelemetry-sdk/1.14.0/opentelemetry-sdk-1.14.0.jar:/home/lokeshjammi-pc/.m2/repository/io/opentelemetry/opentelemetry-semconv/1.14.0-alpha/opentelemetry-semconv-1.14.0-alpha.jar:/home/lokeshjammi-pc/.m2/repository/io/ous/jtoml/2.0.0/jtoml-2.0.0.jar:/home/lokeshjammi-pc/.m2/repository/net/bytebuddy/byte-buddy/1.12.10/byte-buddy-1.12.10.jar:/home/lokeshjammi-pc/.m2/repository/org/apache/commons/commons-exec/1.3/commons-exec-1.3.jar:/home/lokeshjammi-pc/.m2/repository/org/asynchttpclient/async-http-client/2.12.3/async-http-client-2.12.3.jar:/home/lokeshjammi-pc/.m2/repository/org/asynchttpclient/async-http-client-netty-utils/2.12.3/async-http-client-netty-utils-2.12.3.jar:/home/lokeshjammi-pc/.m2/repository/io/netty/netty-codec-socks/4.1.60.Final/netty-codec-socks-4.1.60.Final.jar:/home/lokeshjammi-pc/.m2/repository/io/netty/netty-handler-proxy/4.1.60.Final/netty-handler-proxy-4.1.60.Final.jar:/home/lokeshjammi-pc/.m2/repository/io/netty/netty-transport-native-epoll/4.1.60.Final/netty-transport-native-epoll-4.1.60.Final-linux-x86_64.jar:/home/lokeshjammi-pc/.m2/repository/io/netty/netty-transport-native-kqueue/4.1.60.Final/netty-transport-native-kqueue-4.1.60.Final-osx-x86_64.jar:/home/lokeshjammi-pc/.m2/repository/org/reactivestreams/reactive-streams/1.0.3/reactive-streams-1.0.3.jar:/home/lokeshjammi-pc/.m2/repository/com/typesafe/netty/netty-reactive-streams/2.0.4/netty-reactive-streams-2.0.4.jar:/home/lokeshjammi-pc/.m2/repository/com/sun/activation/jakarta.activation/1.2.2/jakarta.activation-1.2.2.jar:/home/lokeshjammi-pc/.m2/repository/org/seleniumhq/selenium/selenium-http/4.2.0/selenium-http-4.2.0.jar:/home/lokeshjammi-pc/.m2/repository/dev/failsafe/failsafe/3.2.4/failsafe-3.2.4.jar:/home/lokeshjammi-pc/.m2/repository/org/seleniumhq/selenium/selenium-safari-driver/4.2.0/selenium-safari-driver-4.2.0.jar:/home/lokeshjammi-pc/.m2/repository/org/seleniumhq/selenium/selenium-support/4.2.0/selenium-support-4.2.0.jar:/home/lokeshjammi-pc/.m2/repository/org/testng/testng/7.6.0/testng-7.6.0.jar:/home/lokeshjammi-pc/.m2/repository/com/google/code/findbugs/jsr305/3.0.2/jsr305-3.0.2.jar:/home/lokeshjammi-pc/.m2/repository/org/slf4j/slf4j-api/1.7.36/slf4j-api-1.7.36.jar:/home/lokeshjammi-pc/.m2/repository/com/beust/jcommander/1.82/jcommander-1.82.jar:/home/lokeshjammi-pc/.m2/repository/org/webjars/jquery/3.6.0/jquery-3.6.0.jar:/home/lokeshjammi-pc/.m2/repository/org/apache/logging/log4j/log4j-api/2.17.2/log4j-api-2.17.2.jar:/home/lokeshjammi-pc/.m2/repository/org/apache/logging/log4j/log4j-core/2.17.2/log4j-core-2.17.2.jar:/home/lokeshjammi-pc/.m2/repository/commons-io/commons-io/2.11.0/commons-io-2.11.0.jar:"/>
    <property name="sun.cpu.endian" value="little"/>
    <property name="user.home" value="/home/lokeshjammi-pc"/>
    <property name="user.language" value="en"/>
    <property name="java.specification.vendor" value="Oracle Corporation"/>
    <property name="java.version.date" value="2022-04-19"/>
    <property name="java.home" value="/usr/lib/jvm/java-11-openjdk-amd64"/>
    <property name="file.separator" value="/"/>
    <property name="basedir" value="/media/lokeshjammi-pc/New Volume1/IntelliJ_Workspace/E2E"/>
    <property name="java.vm.compressedOopsMode" value="Zero based"/>
    <property name="line.separator" value="&#10;"/>
    <property name="java.specification.name" value="Java Platform API Specification"/>
    <property name="java.vm.specification.vendor" value="Oracle Corporation"/>
    <property name="java.awt.graphicsenv" value="sun.awt.X11GraphicsEnvironment"/>
    <property name="surefire.real.class.path" value="/media/lokeshjammi-pc/New Volume1/IntelliJ_Workspace/E2E/target/surefire/surefirebooter-20220614170557269_3.jar"/>
    <property name="sun.management.compiler" value="HotSpot 64-Bit Tiered Compilers"/>
    <property name="java.runtime.version" value="11.0.15+10-Ubuntu-0ubuntu0.22.04.1"/>
    <property name="webdriver.edge.driver" value="/media/lokeshjammi-pc/New Volume1/IntelliJ_Workspace/E2E/src/main/java/Academy/resource/drivers/Edge/Ubuntu/msedgedriver"/>
    <property name="user.name" value="lokeshjammi-pc"/>
    <property name="path.separator" value=":"/>
    <property name="os.version" value="5.15.0-37-generic"/>
    <property name="java.runtime.name" value="OpenJDK Runtime Environment"/>
    <property name="file.encoding" value="UTF-8"/>
    <property name="java.vm.name" value="OpenJDK 64-Bit Server VM"/>
    <property name="localRepository" value="/home/lokeshjammi-pc/.m2/repository"/>
    <property name="java.vendor.url.bug" value="Unknown"/>
    <property name="java.io.tmpdir" value="/tmp"/>
    <property name="java.version" value="11.0.15"/>
    <property name="user.dir" value="/media/lokeshjammi-pc/New Volume1/IntelliJ_Workspace/E2E"/>
    <property name="os.arch" value="amd64"/>
    <property name="java.vm.specification.name" value="Java Virtual Machine Specification"/>
    <property name="java.awt.printerjob" value="sun.print.PSPrinterJob"/>
    <property name="sun.os.patch.level" value="unknown"/>
    <property name="java.library.path" value="/usr/java/packages/lib:/usr/lib/x86_64-linux-gnu/jni:/lib/x86_64-linux-gnu:/usr/lib/x86_64-linux-gnu:/usr/lib/jni:/lib:/usr/lib"/>
    <property name="java.vm.info" value="mixed mode, sharing"/>
    <property name="java.vendor" value="Private Build"/>
    <property name="java.vm.version" value="11.0.15+10-Ubuntu-0ubuntu0.22.04.1"/>
    <property name="sun.io.unicode.encoding" value="UnicodeLittle"/>
    <property name="java.class.version" value="55.0"/>
  </properties>
  <testcase name="basePageNavigation" classname="HomePage.HomePage" time="15.832">
    <failure message="element not interactable&#10;  (Session info: MicrosoftEdge=102.0.1245.39)&#10;Build info: version: &apos;4.2.0&apos;, revision: &apos;86eb611648&apos;&#10;System info: host: &apos;lokeshjammi-pc&apos;, ip: &apos;192.168.1.9&apos;, os.name: &apos;Linux&apos;, os.arch: &apos;amd64&apos;, os.version: &apos;5.15.0-37-generic&apos;, java.version: &apos;11.0.15&apos;&#10;Driver info: org.openqa.selenium.edge.EdgeDriver&#10;Command: [4e698b02843f70c685a07d819e71bff2, clickElement {id=b6dd8a65-db85-4c0c-b092-1f1c7c28f9b1}]&#10;Capabilities {acceptInsecureCerts: false, browserName: msedge, browserVersion: 102.0.1245.39, javascriptEnabled: true, ms:edgeOptions: {debuggerAddress: localhost:41965}, msedge: {msedgedriverVersion: 102.0.1245.33 (41285f1c5672..., userDataDir: /tmp/.com.microsoft.Edge.OJ...}, networkConnectionEnabled: false, pageLoadStrategy: normal, platform: LINUX, platformName: LINUX, proxy: Proxy(), se:cdp: ws://localhost:41965/devtoo..., se:cdpVersion: 102.0.1245.39, setWindowRect: true, strictFileInteractability: false, timeouts: {implicit: 0, pageLoad: 300000, script: 30000}, unhandledPromptBehavior: dismiss and notify, webauthn:extension:credBlob: true, webauthn:extension:largeBlob: true, webauthn:virtualAuthenticators: true}&#10;Element: [[EdgeDriver: msedge on LINUX (4e698b02843f70c685a07d819e71bff2)] -&gt; xpath: //input[@id=&apos;allow_marketing_emails&apos;]]&#10;Session ID: 4e698b02843f70c685a07d819e71bff2" type="org.openqa.selenium.ElementNotInteractableException"><![CDATA[org.openqa.selenium.ElementNotInteractableException: 
element not interactable
  (Session info: MicrosoftEdge=102.0.1245.39)
Build info: version: '4.2.0', revision: '86eb611648'
System info: host: 'lokeshjammi-pc', ip: '192.168.1.9', os.name: 'Linux', os.arch: 'amd64', os.version: '5.15.0-37-generic', java.version: '11.0.15'
Driver info: org.openqa.selenium.edge.EdgeDriver
Command: [4e698b02843f70c685a07d819e71bff2, clickElement {id=b6dd8a65-db85-4c0c-b092-1f1c7c28f9b1}]
Capabilities {acceptInsecureCerts: false, browserName: msedge, browserVersion: 102.0.1245.39, javascriptEnabled: true, ms:edgeOptions: {debuggerAddress: localhost:41965}, msedge: {msedgedriverVersion: 102.0.1245.33 (41285f1c5672..., userDataDir: /tmp/.com.microsoft.Edge.OJ...}, networkConnectionEnabled: false, pageLoadStrategy: normal, platform: LINUX, platformName: LINUX, proxy: Proxy(), se:cdp: ws://localhost:41965/devtoo..., se:cdpVersion: 102.0.1245.39, setWindowRect: true, strictFileInteractability: false, timeouts: {implicit: 0, pageLoad: 300000, script: 30000}, unhandledPromptBehavior: dismiss and notify, webauthn:extension:credBlob: true, webauthn:extension:largeBlob: true, webauthn:virtualAuthenticators: true}
Element: [[EdgeDriver: msedge on LINUX (4e698b02843f70c685a07d819e71bff2)] -> xpath: //input[@id='allow_marketing_emails']]
Session ID: 4e698b02843f70c685a07d819e71bff2
	at java.base/jdk.internal.reflect.NativeConstructorAccessorImpl.newInstance0(Native Method)
	at java.base/jdk.internal.reflect.NativeConstructorAccessorImpl.newInstance(NativeConstructorAccessorImpl.java:62)
	at java.base/jdk.internal.reflect.DelegatingConstructorAccessorImpl.newInstance(DelegatingConstructorAccessorImpl.java:45)
	at java.base/java.lang.reflect.Constructor.newInstance(Constructor.java:490)
	at org.openqa.selenium.remote.codec.w3c.W3CHttpResponseCodec.createException(W3CHttpResponseCodec.java:200)
	at org.openqa.selenium.remote.codec.w3c.W3CHttpResponseCodec.decode(W3CHttpResponseCodec.java:133)
	at org.openqa.selenium.remote.codec.w3c.W3CHttpResponseCodec.decode(W3CHttpResponseCodec.java:53)
	at org.openqa.selenium.remote.HttpCommandExecutor.execute(HttpCommandExecutor.java:184)
	at org.openqa.selenium.remote.service.DriverCommandExecutor.invokeExecute(DriverCommandExecutor.java:167)
	at org.openqa.selenium.remote.service.DriverCommandExecutor.execute(DriverCommandExecutor.java:142)
	at org.openqa.selenium.remote.RemoteWebDriver.execute(RemoteWebDriver.java:566)
	at org.openqa.selenium.remote.RemoteWebElement.execute(RemoteWebElement.java:257)
	at org.openqa.selenium.remote.RemoteWebElement.click(RemoteWebElement.java:78)
	at HomePage.RegisterPage.registerFunctionality(RegisterPage.java:23)
	at HomePage.HomePage.basePageNavigation(HomePage.java:24)
	at java.base/jdk.internal.reflect.NativeMethodAccessorImpl.invoke0(Native Method)
	at java.base/jdk.internal.reflect.NativeMethodAccessorImpl.invoke(NativeMethodAccessorImpl.java:62)
	at java.base/jdk.internal.reflect.DelegatingMethodAccessorImpl.invoke(DelegatingMethodAccessorImpl.java:43)
	at java.base/java.lang.reflect.Method.invoke(Method.java:566)
	at org.testng.internal.invokers.MethodInvocationHelper.invokeMethod(MethodInvocationHelper.java:139)
	at org.testng.internal.invokers.TestInvoker.invokeMethod(TestInvoker.java:677)
	at org.testng.internal.invokers.TestInvoker.invokeTestMethod(TestInvoker.java:221)
	at org.testng.internal.invokers.MethodRunner.runInSequence(MethodRunner.java:50)
	at org.testng.internal.invokers.TestInvoker$MethodInvocationAgent.invoke(TestInvoker.java:962)
	at org.testng.internal.invokers.TestInvoker.invokeTestMethods(TestInvoker.java:194)
	at org.testng.internal.invokers.TestMethodWorker.invokeTestMethods(TestMethodWorker.java:148)
	at org.testng.internal.invokers.TestMethodWorker.run(TestMethodWorker.java:128)
	at java.base/java.util.ArrayList.forEach(ArrayList.java:1541)
	at org.testng.TestRunner.privateRun(TestRunner.java:806)
	at org.testng.TestRunner.run(TestRunner.java:601)
	at org.testng.SuiteRunner.runTest(SuiteRunner.java:433)
	at org.testng.SuiteRunner.runSequentially(SuiteRunner.java:427)
	at org.testng.SuiteRunner.privateRun(SuiteRunner.java:387)
	at org.testng.SuiteRunner.run(SuiteRunner.java:330)
	at org.testng.SuiteRunnerWorker.runSuite(SuiteRunnerWorker.java:52)
	at org.testng.SuiteRunnerWorker.run(SuiteRunnerWorker.java:95)
	at org.testng.TestNG.runSuitesSequentially(TestNG.java:1256)
	at org.testng.TestNG.runSuitesLocally(TestNG.java:1176)
	at org.testng.TestNG.runSuites(TestNG.java:1099)
	at org.testng.TestNG.run(TestNG.java:1067)
	at org.apache.maven.surefire.testng.TestNGExecutor.run(TestNGExecutor.java:324)
	at org.apache.maven.surefire.testng.TestNGXmlTestSuite.execute(TestNGXmlTestSuite.java:74)
	at org.apache.maven.surefire.testng.TestNGProvider.invoke(TestNGProvider.java:123)
	at org.apache.maven.surefire.booter.ForkedBooter.runSuitesInProcess(ForkedBooter.java:456)
	at org.apache.maven.surefire.booter.ForkedBooter.execute(ForkedBooter.java:169)
	at org.apache.maven.surefire.booter.ForkedBooter.run(ForkedBooter.java:595)
	at org.apache.maven.surefire.booter.ForkedBooter.main(ForkedBooter.java:581)
]]></failure>
    <system-out><![CDATA[java.io.FileNotFoundException: D:\IntelliJ_Workspace\E2EProject\src\main\java\Academy\resource\data.properties (No such file or directory)
/media/lokeshjammi-pc/New Volume1/IntelliJ_Workspace/E2E
]]></system-out>
    <system-err><![CDATA[SLF4J: Failed to load class "org.slf4j.impl.StaticLoggerBinder".
SLF4J: Defaulting to no-operation (NOP) logger implementation
SLF4J: See http://www.slf4j.org/codes.html#StaticLoggerBinder for further details.
Starting Microsoft Edge WebDriver 102.0.1245.33 (41285f1c5672f618820f679d5efba8bafa4828de) on port 59081
To submit feedback, report a bug, or suggest new features, please visit https://github.com/MicrosoftEdge/EdgeWebDriver

Only local connections are allowed.
Please see https://aka.ms/WebDriverSecurity for suggestions on keeping Microsoft Edge WebDriver safe.

Microsoft Edge WebDriver was started successfully.
Jun 14, 2022 5:05:59 PM org.openqa.selenium.remote.ProtocolHandshake createSession
INFO: Detected upstream dialect: W3C
Jun 14, 2022 5:05:59 PM org.openqa.selenium.W3CCapabilityKeysValidator validateCapability
WARNING: Support for Legacy Capabilities is deprecated; You are sending "msedge" which is an invalid capability. Please update to W3C Syntax: https://www.selenium.dev/blog/2022/legacy-protocol-support/
Jun 14, 2022 5:05:59 PM org.openqa.selenium.W3CCapabilityKeysValidator validateCapability
WARNING: Support for Legacy Capabilities is deprecated; You are sending "msedge" which is an invalid capability. Please update to W3C Syntax: https://www.selenium.dev/blog/2022/legacy-protocol-support/
Jun 14, 2022 5:05:59 PM org.openqa.selenium.W3CCapabilityKeysValidator validateCapability
WARNING: Support for Legacy Capabilities is deprecated; You are sending "networkConnectionEnabled" which is an invalid capability. Please update to W3C Syntax: https://www.selenium.dev/blog/2022/legacy-protocol-support/
Jun 14, 2022 5:05:59 PM org.openqa.selenium.W3CCapabilityKeysValidator validateCapability
WARNING: Support for Legacy Capabilities is deprecated; You are sending "networkConnectionEnabled" which is an invalid capability. Please update to W3C Syntax: https://www.selenium.dev/blog/2022/legacy-protocol-support/
Jun 14, 2022 5:05:59 PM org.openqa.selenium.W3CCapabilityKeysValidator validateCapability
WARNING: Support for Legacy Capabilities is deprecated; You are sending "platform" which is an invalid capability. Please update to W3C Syntax: https://www.selenium.dev/blog/2022/legacy-protocol-support/
Jun 14, 2022 5:05:59 PM org.openqa.selenium.W3CCapabilityKeysValidator validateCapability
WARNING: Support for Legacy Capabilities is deprecated; You are sending "platform" which is an invalid capability. Please update to W3C Syntax: https://www.selenium.dev/blog/2022/legacy-protocol-support/
Jun 14, 2022 5:05:59 PM org.openqa.selenium.W3CCapabilityKeysValidator validateCapability
WARNING: Support for Legacy Capabilities is deprecated; You are sending "javascriptEnabled" which is an invalid capability. Please update to W3C Syntax: https://www.selenium.dev/blog/2022/legacy-protocol-support/
Jun 14, 2022 5:05:59 PM org.openqa.selenium.W3CCapabilityKeysValidator validateCapability
WARNING: Support for Legacy Capabilities is deprecated; You are sending "javascriptEnabled" which is an invalid capability. Please update to W3C Syntax: https://www.selenium.dev/blog/2022/legacy-protocol-support/
Jun 14, 2022 5:05:59 PM org.openqa.selenium.devtools.CdpVersionFinder findNearestMatch
INFO: Found exact CDP implementation for version 102
Jun 14, 2022 5:05:59 PM org.openqa.selenium.W3CCapabilityKeysValidator validateCapability
WARNING: Support for Legacy Capabilities is deprecated; You are sending "javascriptEnabled" which is an invalid capability. Please update to W3C Syntax: https://www.selenium.dev/blog/2022/legacy-protocol-support/
Jun 14, 2022 5:05:59 PM org.openqa.selenium.W3CCapabilityKeysValidator validateCapability
WARNING: Support for Legacy Capabilities is deprecated; You are sending "msedge" which is an invalid capability. Please update to W3C Syntax: https://www.selenium.dev/blog/2022/legacy-protocol-support/
Jun 14, 2022 5:05:59 PM org.openqa.selenium.W3CCapabilityKeysValidator validateCapability
WARNING: Support for Legacy Capabilities is deprecated; You are sending "networkConnectionEnabled" which is an invalid capability. Please update to W3C Syntax: https://www.selenium.dev/blog/2022/legacy-protocol-support/
Jun 14, 2022 5:05:59 PM org.openqa.selenium.W3CCapabilityKeysValidator validateCapability
WARNING: Support for Legacy Capabilities is deprecated; You are sending "platform" which is an invalid capability. Please update to W3C Syntax: https://www.selenium.dev/blog/2022/legacy-protocol-support/
Jun 14, 2022 5:05:59 PM org.openqa.selenium.W3CCapabilityKeysValidator validateCapability
WARNING: Support for Legacy Capabilities is deprecated; You are sending "networkConnectionEnabled" which is an invalid capability. Please update to W3C Syntax: https://www.selenium.dev/blog/2022/legacy-protocol-support/
Jun 14, 2022 5:05:59 PM org.openqa.selenium.W3CCapabilityKeysValidator validateCapability
WARNING: Support for Legacy Capabilities is deprecated; You are sending "msedge" which is an invalid capability. Please update to W3C Syntax: https://www.selenium.dev/blog/2022/legacy-protocol-support/
Jun 14, 2022 5:05:59 PM org.openqa.selenium.W3CCapabilityKeysValidator validateCapability
WARNING: Support for Legacy Capabilities is deprecated; You are sending "platform" which is an invalid capability. Please update to W3C Syntax: https://www.selenium.dev/blog/2022/legacy-protocol-support/
Jun 14, 2022 5:05:59 PM org.openqa.selenium.W3CCapabilityKeysValidator validateCapability
WARNING: Support for Legacy Capabilities is deprecated; You are sending "javascriptEnabled" which is an invalid capability. Please update to W3C Syntax: https://www.selenium.dev/blog/2022/legacy-protocol-support/
Jun 14, 2022 5:05:59 PM org.openqa.selenium.W3CCapabilityKeysValidator validateCapability
WARNING: Support for Legacy Capabilities is deprecated; You are sending "networkConnectionEnabled" which is an invalid capability. Please update to W3C Syntax: https://www.selenium.dev/blog/2022/legacy-protocol-support/
Jun 14, 2022 5:05:59 PM org.openqa.selenium.W3CCapabilityKeysValidator validateCapability
WARNING: Support for Legacy Capabilities is deprecated; You are sending "msedge" which is an invalid capability. Please update to W3C Syntax: https://www.selenium.dev/blog/2022/legacy-protocol-support/
Jun 14, 2022 5:05:59 PM org.openqa.selenium.W3CCapabilityKeysValidator validateCapability
WARNING: Support for Legacy Capabilities is deprecated; You are sending "platform" which is an invalid capability. Please update to W3C Syntax: https://www.selenium.dev/blog/2022/legacy-protocol-support/
Jun 14, 2022 5:05:59 PM org.openqa.selenium.W3CCapabilityKeysValidator validateCapability
WARNING: Support for Legacy Capabilities is deprecated; You are sending "javascriptEnabled" which is an invalid capability. Please update to W3C Syntax: https://www.selenium.dev/blog/2022/legacy-protocol-support/
Jun 14, 2022 5:05:59 PM org.openqa.selenium.W3CCapabilityKeysValidator validateCapability
WARNING: Support for Legacy Capabilities is deprecated; You are sending "networkConnectionEnabled" which is an invalid capability. Please update to W3C Syntax: https://www.selenium.dev/blog/2022/legacy-protocol-support/
Jun 14, 2022 5:05:59 PM org.openqa.selenium.W3CCapabilityKeysValidator validateCapability
WARNING: Support for Legacy Capabilities is deprecated; You are sending "msedge" which is an invalid capability. Please update to W3C Syntax: https://www.selenium.dev/blog/2022/legacy-protocol-support/
Jun 14, 2022 5:05:59 PM org.openqa.selenium.W3CCapabilityKeysValidator validateCapability
WARNING: Support for Legacy Capabilities is deprecated; You are sending "platform" which is an invalid capability. Please update to W3C Syntax: https://www.selenium.dev/blog/2022/legacy-protocol-support/
Jun 14, 2022 5:05:59 PM org.openqa.selenium.W3CCapabilityKeysValidator validateCapability
WARNING: Support for Legacy Capabilities is deprecated; You are sending "javascriptEnabled" which is an invalid capability. Please update to W3C Syntax: https://www.selenium.dev/blog/2022/legacy-protocol-support/
Jun 14, 2022 5:05:59 PM org.openqa.selenium.W3CCapabilityKeysValidator validateCapability
WARNING: Support for Legacy Capabilities is deprecated; You are sending "javascriptEnabled" which is an invalid capability. Please update to W3C Syntax: https://www.selenium.dev/blog/2022/legacy-protocol-support/
Jun 14, 2022 5:05:59 PM org.openqa.selenium.W3CCapabilityKeysValidator validateCapability
WARNING: Support for Legacy Capabilities is deprecated; You are sending "msedge" which is an invalid capability. Please update to W3C Syntax: https://www.selenium.dev/blog/2022/legacy-protocol-support/
Jun 14, 2022 5:05:59 PM org.openqa.selenium.W3CCapabilityKeysValidator validateCapability
WARNING: Support for Legacy Capabilities is deprecated; You are sending "networkConnectionEnabled" which is an invalid capability. Please update to W3C Syntax: https://www.selenium.dev/blog/2022/legacy-protocol-support/
Jun 14, 2022 5:05:59 PM org.openqa.selenium.W3CCapabilityKeysValidator validateCapability
WARNING: Support for Legacy Capabilities is deprecated; You are sending "platform" which is an invalid capability. Please update to W3C Syntax: https://www.selenium.dev/blog/2022/legacy-protocol-support/
]]></system-err>
  </testcase>
</testsuite>