<?xml version="1.0" encoding="UTF-8"?>
<!-- Generated by org.testng.reporters.JUnitReportReporter -->
<testsuite hostname="lokeshjammi-pc" failures="0" tests="1" name="HomePage.HomePage" time="9.301" errors="0" timestamp="2022-06-16T19:36:15 IST" skipped="0">
  <testcase classname="HomePage.HomePage" name="basePageNavigation" time="9.301"/>
  <system-out/>
</testsuite> <!-- HomePage.HomePage -->
